Arguments: 
  /usr/local/bin/node /usr/local/Cellar/yarn/1.22.10/libexec/bin/yarn.js init

PATH: 
  /Users/Adam/.pyenv/shims:/Users/Adam/.pyenv/shims:/Users/Adam/.npm-global/bin:/Users/Adam/.composer/vendor/bin:/usr/local/bin:/usr/bin:/bin:/usr/sbin:/sbin:/Users/Adam/.pyenv/versions/3.9.0/bin:/usr/local/Cellar/pyenv/1.2.22/libexec:/usr/local/Cellar/pyenv/1.2.22/plugins/python-build/bin:/Users/Adam/.pyenv/shims:/Users/Adam/.npm-global/bin:/Users/Adam/.composer/vendor/bin:/Users/Adam/Applications/PostgreSQL/bin

Yarn version: 
  1.22.10

Node version: 
  14.16.0

Platform: 
  darwin x64

Trace: 
  Error: canceled
      at Interface.<anonymous> (/usr/local/Cellar/yarn/1.22.10/libexec/lib/cli.js:137009:13)
      at Interface.emit (events.js:315:20)
      at Interface._ttyWrite (readline.js:875:16)
      at ReadStream.onkeypress (readline.js:213:10)
      at ReadStream.emit (events.js:315:20)
      at emitKeys (internal/readline/utils.js:345:14)
      at emitKeys.next (<anonymous>)
      at ReadStream.onData (readline.js:1144:36)
      at ReadStream.emit (events.js:315:20)
      at addChunk (internal/streams/readable.js:309:12)

npm manifest: 
  No manifest

yarn manifest: 
  No manifest

Lockfile: 
  No lockfile
